<?xml version="1.0" encoding="UTF-8"?>
<coverage generated="1646744032620" clover="3.2.0">
  <project timestamp="1646744032621" name="All files">
    <metrics statements="4" coveredstatements="4" conditionals="4" coveredconditionals="4" methods="1" coveredmethods="1" elements="9" coveredelements="9" complexity="0" loc="4" ncloc="4" packages="1" files="1" classes="1"/>
    <file name="sum2.js" path="/Users/francianemenestrina/TRYBE/Projects/trybe-exercicios/Fundamentos-do-Desenvolvimento-Web/bloco-07-introducao-a-javascriptes6-e-testes-unitarios/dia-03-primeiros-passos-em-jest/newProject/sum2.js">
      <metrics statements="4" coveredstatements="4" conditionals="4" coveredconditionals="4" methods="1" coveredmethods="1"/>
      <line num="4" count="4" type="cond" truecount="4" falsecount="0"/>
      <line num="5" count="2" type="stmt"/>
      <line num="8" count="2" type="stmt"/>
      <line num="12" count="1" type="stmt"/>
    </file>
  </project>
</coverage>
